<?xml version="1.0" encoding="UTF-8"?>
<testsuite xmlns:xsi="http://www.w3.org/2001/XMLSchema-instance" xsi:noNamespaceSchemaLocation="https://maven.apache.org/surefire/maven-surefire-plugin/xsd/surefire-test-report-3.0.xsd" version="3.0" name="com.simplejdbc.AccountTest" time="0.589" tests="1" errors="0" skipped="0" failures="0">
  <properties>
    <property name="socksProxyHost" value="127.0.0.1"/>
    <property name="http.proxyHost" value="127.0.0.1"/>
    <property name="java.specification.version" value="17"/>
    <property name="sun.jnu.encoding" value="UTF-8"/>
    <property name="java.class.path" value="/Users/agility6/t/simple-jdbc/target/test-classes:/Users/agility6/t/simple-jdbc/target/classes:/Users/agility6/t/cs61b-sp21/library-sp21/javalib/org/mybatis/mybatis/3.5.13/mybatis-3.5.13.jar:/Users/agility6/t/cs61b-sp21/library-sp21/javalib/com/mysql/mysql-connector-j/8.0.33/mysql-connector-j-8.0.33.jar:/Users/agility6/t/cs61b-sp21/library-sp21/javalib/com/google/protobuf/protobuf-java/3.21.9/protobuf-java-3.21.9.jar:/Users/agility6/t/cs61b-sp21/library-sp21/javalib/junit/junit/4.13.2/junit-4.13.2.jar:/Users/agility6/t/cs61b-sp21/library-sp21/javalib/org/hamcrest/hamcrest-core/1.3/hamcrest-core-1.3.jar:/Users/agility6/t/cs61b-sp21/library-sp21/javalib/ch/qos/logback/logback-classic/1.3.7/logback-classic-1.3.7.jar:/Users/agility6/t/cs61b-sp21/library-sp21/javalib/ch/qos/logback/logback-core/1.3.7/logback-core-1.3.7.jar:/Users/agility6/t/cs61b-sp21/library-sp21/javalib/org/slf4j/slf4j-api/2.0.4/slf4j-api-2.0.4.jar:/Users/agility6/t/cs61b-sp21/library-sp21/javalib/com/alibaba/druid/1.2.16/druid-1.2.16.jar:/Users/agility6/t/cs61b-sp21/library-sp21/javalib/com/github/pagehelper/pagehelper/5.3.2/pagehelper-5.3.2.jar:/Users/agility6/t/cs61b-sp21/library-sp21/javalib/com/github/jsqlparser/jsqlparser/4.5/jsqlparser-4.5.jar:"/>
    <property name="https.proxyPort" value="7890"/>
    <property name="java.vm.vendor" value="Oracle Corporation"/>
    <property name="sun.arch.data.model" value="64"/>
    <property name="java.vendor.url" value="https://java.oracle.com/"/>
    <property name="os.name" value="Mac OS X"/>
    <property name="java.vm.specification.version" value="17"/>
    <property name="sun.java.launcher" value="SUN_STANDARD"/>
    <property name="user.country" value="CN"/>
    <property name="sun.boot.library.path" value="/Library/Java/JavaVirtualMachines/jdk-17.jdk/Contents/Home/lib"/>
    <property name="sun.java.command" value="/Users/agility6/t/simple-jdbc/target/surefire/surefirebooter-20231210163035093_3.jar /Users/agility6/t/simple-jdbc/target/surefire 2023-12-10T16-30-32_570-jvmRun1 surefire-20231210163035093_1tmp surefire_0-20231210163035093_2tmp"/>
    <property name="http.nonProxyHosts" value="192.168.0.0/16|*.192.168.0.0/16|10.0.0.0/8|*.10.0.0.0/8|172.16.0.0/12|*.172.16.0.0/12|127.0.0.1|localhost|*.localhost|local|*.local|timestamp.apple.com|*.timestamp.apple.com"/>
    <property name="jdk.debug" value="release"/>
    <property name="surefire.test.class.path" value="/Users/agility6/t/simple-jdbc/target/test-classes:/Users/agility6/t/simple-jdbc/target/classes:/Users/agility6/t/cs61b-sp21/library-sp21/javalib/org/mybatis/mybatis/3.5.13/mybatis-3.5.13.jar:/Users/agility6/t/cs61b-sp21/library-sp21/javalib/com/mysql/mysql-connector-j/8.0.33/mysql-connector-j-8.0.33.jar:/Users/agility6/t/cs61b-sp21/library-sp21/javalib/com/google/protobuf/protobuf-java/3.21.9/protobuf-java-3.21.9.jar:/Users/agility6/t/cs61b-sp21/library-sp21/javalib/junit/junit/4.13.2/junit-4.13.2.jar:/Users/agility6/t/cs61b-sp21/library-sp21/javalib/org/hamcrest/hamcrest-core/1.3/hamcrest-core-1.3.jar:/Users/agility6/t/cs61b-sp21/library-sp21/javalib/ch/qos/logback/logback-classic/1.3.7/logback-classic-1.3.7.jar:/Users/agility6/t/cs61b-sp21/library-sp21/javalib/ch/qos/logback/logback-core/1.3.7/logback-core-1.3.7.jar:/Users/agility6/t/cs61b-sp21/library-sp21/javalib/org/slf4j/slf4j-api/2.0.4/slf4j-api-2.0.4.jar:/Users/agility6/t/cs61b-sp21/library-sp21/javalib/com/alibaba/druid/1.2.16/druid-1.2.16.jar:/Users/agility6/t/cs61b-sp21/library-sp21/javalib/com/github/pagehelper/pagehelper/5.3.2/pagehelper-5.3.2.jar:/Users/agility6/t/cs61b-sp21/library-sp21/javalib/com/github/jsqlparser/jsqlparser/4.5/jsqlparser-4.5.jar:"/>
    <property name="sun.cpu.endian" value="little"/>
    <property name="user.home" value="/Users/agility6"/>
    <property name="user.language" value="zh"/>
    <property name="java.specification.vendor" value="Oracle Corporation"/>
    <property name="java.version.date" value="2023-07-18"/>
    <property name="java.home" value="/Library/Java/JavaVirtualMachines/jdk-17.jdk/Contents/Home"/>
    <property name="file.separator" value="/"/>
    <property name="https.proxyHost" value="127.0.0.1"/>
    <property name="basedir" value="/Users/agility6/t/simple-jdbc"/>
    <property name="java.vm.compressedOopsMode" value="Zero based"/>
    <property name="line.separator" value="&#10;"/>
    <property name="java.vm.specification.vendor" value="Oracle Corporation"/>
    <property name="java.specification.name" value="Java Platform API Specification"/>
    <property name="surefire.real.class.path" value="/Users/agility6/t/simple-jdbc/target/surefire/surefirebooter-20231210163035093_3.jar"/>
    <property name="user.script" value="Hans"/>
    <property name="sun.management.compiler" value="HotSpot 64-Bit Tiered Compilers"/>
    <property name="ftp.nonProxyHosts" value="192.168.0.0/16|*.192.168.0.0/16|10.0.0.0/8|*.10.0.0.0/8|172.16.0.0/12|*.172.16.0.0/12|127.0.0.1|localhost|*.localhost|local|*.local|timestamp.apple.com|*.timestamp.apple.com"/>
    <property name="java.runtime.version" value="17.0.8+9-LTS-211"/>
    <property name="user.name" value="agility6"/>
    <property name="path.separator" value=":"/>
    <property name="os.version" value="13.5.1"/>
    <property name="java.runtime.name" value="Java(TM) SE Runtime Environment"/>
    <property name="file.encoding" value="UTF-8"/>
    <property name="java.vm.name" value="Java HotSpot(TM) 64-Bit Server VM"/>
    <property name="localRepository" value="/Users/agility6/t/cs61b-sp21/library-sp21/javalib"/>
    <property name="java.vendor.url.bug" value="https://bugreport.java.com/bugreport/"/>
    <property name="java.io.tmpdir" value="/var/folders/m_/4j7lsd3s7_bcd_cwdfmyl9z00000gn/T/"/>
    <property name="idea.version" value="2023.2.2"/>
    <property name="java.version" value="17.0.8"/>
    <property name="user.dir" value="/Users/agility6/t/simple-jdbc"/>
    <property name="os.arch" value="aarch64"/>
    <property name="socksProxyPort" value="7890"/>
    <property name="java.vm.specification.name" value="Java Virtual Machine Specification"/>
    <property name="native.encoding" value="UTF-8"/>
    <property name="java.library.path" value="/Users/agility6/Library/Java/Extensions:/Library/Java/Extensions:/Network/Library/Java/Extensions:/System/Library/Java/Extensions:/usr/lib/java:."/>
    <property name="java.vm.info" value="mixed mode, sharing"/>
    <property name="java.vendor" value="Oracle Corporation"/>
    <property name="java.vm.version" value="17.0.8+9-LTS-211"/>
    <property name="sun.io.unicode.encoding" value="UnicodeBig"/>
    <property name="maven.repo.local" value="/Users/agility6/t/cs61b-sp21/library-sp21/javalib"/>
    <property name="socksNonProxyHosts" value="192.168.0.0/16|*.192.168.0.0/16|10.0.0.0/8|*.10.0.0.0/8|172.16.0.0/12|*.172.16.0.0/12|127.0.0.1|localhost|*.localhost|local|*.local|timestamp.apple.com|*.timestamp.apple.com"/>
    <property name="java.class.version" value="61.0"/>
    <property name="http.proxyPort" value="7890"/>
  </properties>
  <testcase name="AccountAddTest" classname="com.simplejdbc.AccountTest" time="0.565">
    <system-out><![CDATA[16:30:35.431 [main] DEBUG org.apache.ibatis.logging.LogFactory -- Logging initialized using 'class org.apache.ibatis.logging.slf4j.Slf4jImpl' adapter.
16:30:35.456 [main] DEBUG org.apache.ibatis.transaction.jdbc.JdbcTransaction -- Opening JDBC Connection
16:30:35.777 [main] INFO com.alibaba.druid.pool.DruidDataSource -- {dataSource-1} inited
16:30:35.779 [main] DEBUG org.apache.ibatis.transaction.jdbc.JdbcTransaction -- Setting autocommit to false on JDBC Connection [com.mysql.cj.jdbc.ConnectionImpl@51e4ccb3]
16:30:35.784 [main] DEBUG com.simplejdbc.dao.AccountDao.addAccount -- ==>  Preparing: INSERT INTO Account VALUES (?, ?, ?)
16:30:35.796 [main] DEBUG com.simplejdbc.dao.AccountDao.addAccount -- ==> Parameters: 3(Integer), Agility(String), 123(String)
16:30:35.811 [main] DEBUG com.simplejdbc.dao.AccountDao.addAccount -- <==    Updates: 1
16:30:35.811 [main] DEBUG org.apache.ibatis.transaction.jdbc.JdbcTransaction -- Committing JDBC Connection [com.mysql.cj.jdbc.ConnectionImpl@51e4ccb3]
16:30:35.819 [main] DEBUG org.apache.ibatis.transaction.jdbc.JdbcTransaction -- Resetting autocommit to true on JDBC Connection [com.mysql.cj.jdbc.ConnectionImpl@51e4ccb3]
16:30:35.820 [main] DEBUG org.apache.ibatis.transaction.jdbc.JdbcTransaction -- Closing JDBC Connection [com.mysql.cj.jdbc.ConnectionImpl@51e4ccb3]
]]></system-out>
  </testcase>
</testsuite>